 
****************************************
Report : area
Design : huffman
Version: L-2016.03
Date   : Wed Feb  7 22:21:18 2024
****************************************

Library(s) Used:

    slow (File: /icsl7/s109061012/CBDK/CBDK_IC_Contest_v2.1/SynopsysDC/db/slow.db)

Number of ports:                          157
Number of nets:                           922
Number of cells:                          796
Number of combinational cells:            602
Number of sequential cells:               194
Number of macros/black boxes:               0
Number of buf/inv:                         52
Number of references:                      78

Combinational area:               5336.625653
Buf/Inv area:                      259.702200
Noncombinational area:            6988.195774
Macro/Black Box area:                0.000000
Net Interconnect area:          122313.960938

Total cell area:                 12324.821427
Total area:                     134638.782365
1
