 
****************************************
Report : area
Design : JAM
Version: P-2019.03
Date   : Fri Dec  9 15:57:01 2022
****************************************

Library(s) Used:

    slow (File: /cad/designkit/CBDK_IC_Contest_v2.1/SynopsysDC/db/slow.db)

Number of ports:                          126
Number of nets:                          1778
Number of cells:                         1642
Number of combinational cells:           1132
Number of sequential cells:               495
Number of macros/black boxes:               0
Number of buf/inv:                        166
Number of references:                     134

Combinational area:              11998.920610
Buf/Inv area:                     1279.839595
Noncombinational area:           17423.811464
Macro/Black Box area:                0.000000
Net Interconnect area:          227594.502991

Total cell area:                 29422.732074
Total area:                     257017.235065
1
