 
****************************************
Report : area
Design : geofence
Version: L-2016.03
Date   : Mon Feb  5 00:18:35 2024
****************************************

Library(s) Used:

    slow (File: /cad/CBDK/CBDK_IC_Contest_v2.1/SynopsysDC/db/slow.db)

Number of ports:                          299
Number of nets:                          1635
Number of cells:                         1156
Number of combinational cells:            990
Number of sequential cells:               159
Number of macros/black boxes:               0
Number of buf/inv:                        172
Number of references:                      42

Combinational area:              12652.419677
Buf/Inv area:                      794.383187
Noncombinational area:            4939.433834
Macro/Black Box area:                0.000000
Net Interconnect area:          159554.139282

Total cell area:                 17591.853511
Total area:                     177145.992793
1
