 
****************************************
Report : timing
        -path full
        -delay max
        -max_paths 1
Design : geofence
Version: L-2016.03
Date   : Mon Feb  5 00:18:35 2024
****************************************

Operating Conditions: slow   Library: slow
Wire Load Model Mode: top

  Startpoint: round_reg[0]
              (rising edge-triggered flip-flop clocked by clk)
  Endpoint: round_reg[2]
            (rising edge-triggered flip-flop clocked by clk)
  Path Group: clk
  Path Type: max

  Des/Clust/Port     Wire Load Model       Library
  ------------------------------------------------
  geofence           tsmc13_wl10           slow

  Point                                                   Incr       Path
  --------------------------------------------------------------------------
  clock clk (rise edge)                                   0.00       0.00
  clock network delay (ideal)                             0.50       0.50
  round_reg[0]/CK (DFFRX1)                                0.00       0.50 r
  round_reg[0]/Q (DFFRX1)                                 1.02       1.52 r
  U830/Y (NOR2X1)                                         0.37       1.89 f
  U514/Y (CLKAND2X3)                                      0.85       2.74 f
  U861/Y (AOI222XL)                                       0.84       3.59 r
  U862/Y (NAND2X1)                                        0.48       4.07 f
  sub_41/B[0] (geofence_DW01_sub_3)                       0.00       4.07 f
  sub_41/U5/Y (NAND2X1)                                   0.30       4.37 r
  sub_41/U2_1/CO (ADDFX2)                                 0.31       4.69 r
  sub_41/U2_2/CO (ADDFXL)                                 0.46       5.14 r
  sub_41/U2_3/CO (ADDFXL)                                 0.50       5.64 r
  sub_41/U2_4/CO (ADDFXL)                                 0.50       6.14 r
  sub_41/U2_5/CO (ADDFXL)                                 0.50       6.63 r
  sub_41/U2_6/CO (ADDFXL)                                 0.50       7.13 r
  sub_41/U2_7/CO (ADDFXL)                                 0.50       7.63 r
  sub_41/U2_8/CO (ADDFXL)                                 0.50       8.12 r
  sub_41/U2_9/S (ADDFXL)                                  1.06       9.18 r
  sub_41/DIFF[9] (geofence_DW01_sub_3)                    0.00       9.18 r
  mult_47/a[9] (geofence_DW_mult_tc_0)                    0.00       9.18 r
  mult_47/U440/Y (XOR2X1)                                 0.45       9.63 r
  mult_47/U284/Y (NAND2X1)                                0.17       9.81 f
  mult_47/U283/Y (CLKBUFX3)                               0.59      10.39 f
  mult_47/U394/Y (OAI22XL)                                0.51      10.90 r
  mult_47/U49/S (ADDHXL)                                  0.68      11.58 r
  mult_47/U47/S (CMPR42X1)                                0.88      12.46 f
  mult_47/U15/CO (ADDFXL)                                 0.68      13.14 f
  mult_47/U14/CO (ADDFXL)                                 0.53      13.66 f
  mult_47/U13/CO (ADDFXL)                                 0.53      14.19 f
  mult_47/U12/CO (ADDFXL)                                 0.53      14.72 f
  mult_47/U11/CO (ADDFXL)                                 0.53      15.24 f
  mult_47/U10/CO (ADDFXL)                                 0.53      15.77 f
  mult_47/U9/CO (ADDFXL)                                  0.53      16.30 f
  mult_47/U8/CO (ADDFXL)                                  0.53      16.83 f
  mult_47/U7/S (ADDFXL)                                   0.57      17.40 r
  mult_47/product[17] (geofence_DW_mult_tc_0)             0.00      17.40 r
  gt_49/A[17] (geofence_DW_cmp_0)                         0.00      17.40 r
  gt_49/U58/Y (CLKINVX1)                                  0.32      17.72 f
  gt_49/U119/Y (OAI222XL)                                 0.82      18.54 r
  gt_49/U118/Y (OAI222XL)                                 0.65      19.18 f
  gt_49/U117/Y (OAI222XL)                                 0.94      20.13 r
  gt_49/U116/Y (OAI222XL)                                 0.49      20.62 f
  gt_49/U76/Y (NAND2X1)                                   0.28      20.89 r
  gt_49/GE_LT_GT_LE (geofence_DW_cmp_0)                   0.00      20.89 r
  U572/Y (NAND3X1)                                        0.28      21.17 f
  U570/Y (OAI21X1)                                        0.74      21.92 r
  U562/Y (CLKINVX1)                                       0.40      22.32 f
  U571/Y (OAI21X1)                                        0.56      22.88 r
  U642/Y (OA21XL)                                         0.54      23.42 r
  U623/Y (OA21XL)                                         0.38      23.80 r
  U622/Y (OAI32X1)                                        0.22      24.02 f
  round_reg[2]/D (DFFRX1)                                 0.00      24.02 f
  data arrival time                                                 24.02

  clock clk (rise edge)                                  30.00      30.00
  clock network delay (ideal)                             0.50      30.50
  clock uncertainty                                      -0.10      30.40
  round_reg[2]/CK (DFFRX1)                                0.00      30.40 r
  library setup time                                     -0.26      30.14
  data required time                                                30.14
  --------------------------------------------------------------------------
  data required time                                                30.14
  data arrival time                                                -24.02
  --------------------------------------------------------------------------
  slack (MET)                                                        6.12


1
