 
****************************************
Report : area
Design : JAM
Version: P-2019.03
Date   : Mon Dec 12 15:17:12 2022
****************************************

Library(s) Used:

    slow (File: /cad/designkit/CBDK_IC_Contest_v2.1/SynopsysDC/db/slow.db)

Number of ports:                           62
Number of nets:                           696
Number of cells:                          623
Number of combinational cells:            554
Number of sequential cells:                67
Number of macros/black boxes:               0
Number of buf/inv:                        113
Number of references:                      73

Combinational area:               4735.745983
Buf/Inv area:                      684.052195
Noncombinational area:            1895.995808
Macro/Black Box area:                0.000000
Net Interconnect area:           84840.426025

Total cell area:                  6631.741791
Total area:                      91472.167816
1
